[dotenv@17.2.3] injecting env (10) from .env -- tip: ⚙️  load multiple .env files with { path: ['.env.local', '.env'] }
API server running on port 3333
Health check available at http://localhost:3333/api/health
Deploy token endpoint at http://localhost:3333/api/deploy-token
Server is ready to accept requests...
Server error: Error: listen EADDRINUSE: address already in use :::3333
    at Server.setupListenHandle [as _listen2] (node:net:1904:16)
    at listenInCluster (node:net:1961:12)
    at Server.listen (node:net:2063:7)
    at Function.listen (/Users/oladimejishodipe/Desktop/Cold_Wallet copy 2/node_modules/express/lib/application.js:605:24)
    at Object.<anonymous> (/Users/oladimejishodipe/Desktop/Cold_Wallet copy 2/server.js:47:20)
    at Module._compile (node:internal/modules/cjs/loader:1358:14)
    at Module._extensions..js (node:internal/modules/cjs/loader:1416:10)
    at Module.load (node:internal/modules/cjs/loader:1208:32)
    at Module._load (node:internal/modules/cjs/loader:1024:12)
    at Function.executeUserEntryPoint [as runMain] (node:internal/modules/run_main:174:12) {
  code: 'EADDRINUSE',
  errno: -48,
  syscall: 'listen',
  address: '::',
  port: 3333
}
